\BOOKMARK [1][-]{section*.5}{\376\377\000A\000b\000b\000i\000l\000d\000u\000n\000g\000s\000v\000e\000r\000z\000e\000i\000c\000h\000n\000i\000s}{}% 1
\BOOKMARK [1][-]{section*.6}{\376\377\000T\000a\000b\000e\000l\000l\000e\000n\000v\000e\000r\000z\000e\000i\000c\000h\000n\000i\000s}{}% 2
\BOOKMARK [1][-]{section.1}{\376\377\0001\000\040\000E\000i\000n\000l\000e\000i\000t\000u\000n\000g}{}% 3
\BOOKMARK [2][-]{subsection.1.1}{\376\377\0001\000.\0001\000\040\000M\000o\000n\000i\000d\000a\000s}{section.1}% 4
\BOOKMARK [2][-]{subsection.1.2}{\376\377\0001\000.\0002\000\040\000M\000o\000n\000i\000d\000a\000s\000\040\000S\000u\000p\000e\000r\000u\000s\000e\000r\000\040\000I\000P\0005}{section.1}% 5
\BOOKMARK [2][-]{subsection.1.3}{\376\377\0001\000.\0003\000\040\000P\000r\000o\000b\000l\000e\000m\000s\000t\000e\000l\000l\000u\000n\000g}{section.1}% 6
\BOOKMARK [2][-]{subsection.1.4}{\376\377\0001\000.\0004\000\040\000F\000r\000a\000g\000e\000s\000t\000e\000l\000l\000u\000n\000g}{section.1}% 7
\BOOKMARK [2][-]{subsection.1.5}{\376\377\0001\000.\0005\000\040\000R\000e\000s\000u\000l\000t\000a\000t}{section.1}% 8
\BOOKMARK [2][-]{subsection.1.6}{\376\377\0001\000.\0006\000\040\000S\000y\000s\000t\000e\000m\000\374\000b\000e\000r\000s\000i\000c\000h\000t}{section.1}% 9
\BOOKMARK [2][-]{subsection.1.7}{\376\377\0001\000.\0007\000\040\000S\000y\000s\000t\000e\000m\000\374\000b\000e\000r\000s\000i\000c\000h\000t}{section.1}% 10
\BOOKMARK [2][-]{subsection.1.8}{\376\377\0001\000.\0008\000\040\000L\000e\000s\000e\000r\000f\000\374\000h\000r\000u\000n\000g}{section.1}% 11
\BOOKMARK [1][-]{section.2}{\376\377\0002\000\040\000D\000a\000t\000e\000n\000m\000o\000d\000e\000l\000l\000\040\000u\000n\000d\000\040\000S\000c\000h\000e\000m\000a}{}% 12
\BOOKMARK [2][-]{subsection.2.1}{\376\377\0002\000.\0001\000\040\000S\000t\000r\000u\000k\000t\000u\000r}{section.2}% 13
\BOOKMARK [2][-]{subsection.2.2}{\376\377\0002\000.\0002\000\040\000C\000o\000n\000s\000t\000r\000a\000i\000n\000t\000s}{section.2}% 14
\BOOKMARK [2][-]{subsection.2.3}{\376\377\0002\000.\0003\000\040\000B\000e\000i\000s\000p\000i\000e\000l\000m\000o\000d\000e\000l\000l}{section.2}% 15
\BOOKMARK [2][-]{subsection.2.4}{\376\377\0002\000.\0004\000\040\000A\000n\000a\000l\000y\000s\000e\000\040\000d\000e\000s\000\040\000S\000c\000h\000e\000m\000a\000s}{section.2}% 16
\BOOKMARK [1][-]{section.3}{\376\377\0003\000\040\000V\000i\000r\000t\000u\000e\000l\000l\000e\000s\000\040\000F\000i\000l\000e\000s\000y\000s\000t\000e\000m}{}% 17
\BOOKMARK [2][-]{subsection.3.1}{\376\377\0003\000.\0001\000\040\000Z\000i\000e\000l\000\040\000u\000n\000d\000\040\000\334\000b\000e\000r\000b\000l\000i\000c\000k}{section.3}% 18
\BOOKMARK [2][-]{subsection.3.2}{\376\377\0003\000.\0002\000\040\000E\000x\000p\000l\000o\000r\000e\000r\000-\000B\000a\000u\000m}{section.3}% 19
\BOOKMARK [3][-]{subsubsection.3.2.1}{\376\377\0003\000.\0002\000.\0001\000\040\000P\000r\000o\000b\000l\000e\000m\000s\000t\000e\000l\000l\000u\000n\000g}{subsection.3.2}% 20
\BOOKMARK [3][-]{subsubsection.3.2.2}{\376\377\0003\000.\0002\000.\0002\000\040\000L\000\366\000s\000u\000n\000g\000s\000a\000n\000s\000\344\000t\000z\000e}{subsection.3.2}% 21
\BOOKMARK [3][-]{subsubsection.3.2.3}{\376\377\0003\000.\0002\000.\0003\000\040\000U\000m\000s\000e\000t\000z\000u\000n\000g}{subsection.3.2}% 22
\BOOKMARK [2][-]{subsection.3.3}{\376\377\0003\000.\0003\000\040\000E\000d\000i\000t\000o\000r}{section.3}% 23
\BOOKMARK [3][-]{subsubsection.3.3.1}{\376\377\0003\000.\0003\000.\0001\000\040\000P\000r\000o\000b\000l\000e\000m\000s\000t\000e\000l\000l\000u\000n\000g}{subsection.3.3}% 24
\BOOKMARK [3][-]{subsubsection.3.3.2}{\376\377\0003\000.\0003\000.\0002\000\040\000L\000\366\000s\000u\000n\000g\000s\000a\000n\000s\000\344\000t\000z\000e}{subsection.3.3}% 25
\BOOKMARK [3][-]{subsubsection.3.3.3}{\376\377\0003\000.\0003\000.\0003\000\040\000U\000m\000s\000e\000t\000z\000u\000n\000g}{subsection.3.3}% 26
\BOOKMARK [2][-]{subsection.3.4}{\376\377\0003\000.\0004\000\040\000V\000a\000l\000i\000d\000i\000e\000r\000u\000n\000g}{section.3}% 27
\BOOKMARK [2][-]{subsection.3.5}{\376\377\0003\000.\0005\000\040\000N\000o\000t\000i\000f\000i\000k\000a\000t\000i\000o\000n\000e\000n}{section.3}% 28
\BOOKMARK [1][-]{section.4}{\376\377\0004\000\040\000K\000a\000p\000i\000t\000e\000l\000\040\000T\000h\000a\000t}{}% 29
\BOOKMARK [2][-]{subsection.4.1}{\376\377\0004\000.\0001\000\040\000C\000o\000d\000e\000-\000B\000e\000i\000s\000p\000i\000e\000l}{section.4}% 30
\BOOKMARK [1][-]{section.5}{\376\377\0005\000\040\000S\000c\000h\000l\000u\000s\000s\000b\000e\000m\000e\000r\000k\000u\000n\000g\000e\000n}{}% 31
\BOOKMARK [1][-]{section*.7}{\376\377\000E\000i\000g\000e\000n\000s\000t\000\344\000n\000d\000i\000g\000k\000e\000i\000t\000s\000e\000r\000k\000l\000\344\000r\000u\000n\000g}{}% 32
\BOOKMARK [1][-]{section*.8}{\376\377\000D\000e\000c\000l\000a\000r\000a\000t\000i\000o\000n\000\040\000o\000f\000\040\000A\000u\000t\000h\000e\000n\000t\000i\000c\000i\000t\000y}{}% 33
\BOOKMARK [1][-]{appendix.A}{\376\377\000A\000\040\000E\000i\000n\000\040\000A\000n\000h\000a\000n\000g}{}% 34
\BOOKMARK [2][-]{subsection.A.1}{\376\377\000A\000.\0001\000\040\000A\000u\000f\000g\000a\000b\000e\000n\000s\000t\000e\000l\000l\000u\000n\000g\000\040\000i\000m\000\040\000O\000r\000i\000g\000i\000n\000a\000l\000w\000o\000r\000t\000l\000a\000u\000t}{appendix.A}% 35
\BOOKMARK [2][-]{subsection.A.2}{\376\377\000A\000.\0002\000\040\000G\000e\000s\000a\000m\000t\000\374\000b\000e\000r\000s\000i\000c\000h\000t}{appendix.A}% 36
\BOOKMARK [2][-]{subsection.A.3}{\376\377\000A\000.\0003\000\040\000B\000e\000r\000e\000c\000h\000n\000u\000n\000g\000e\000n\000\040\000/\000\040\000R\000e\000s\000u\000l\000t\000a\000t\000e\000\040\000U\000m\000f\000r\000a\000g\000e}{appendix.A}% 37
\BOOKMARK [2][-]{subsection.A.4}{\376\377\000A\000.\0004\000\040\000T\000e\000s\000t\000s\000\040\040\023\000\040\000S\000c\000r\000e\000e\000n\000s\000h\000o\000t\000s}{appendix.A}% 38
